c:\dev\sandimanrobot\sandimanrobot\x64\debug\robot.obj
c:\dev\sandimanrobot\sandimanrobot\x64\debug\main.obj
c:\dev\sandimanrobot\sandimanrobot\x64\debug\main_window.obj
c:\dev\sandimanrobot\sandimanrobot\x64\debug\start_window.obj
c:\dev\sandimanrobot\sandimanrobot\x64\debug\controller.obj
c:\dev\sandimanrobot\sandimanrobot\x64\debug\moc_application.obj
c:\dev\sandimanrobot\sandimanrobot\x64\debug\moc_robot.obj
c:\dev\sandimanrobot\sandimanrobot\x64\debug\moc_controller.obj
c:\dev\sandimanrobot\sandimanrobot\x64\debug\moc_main_window.obj
c:\dev\sandimanrobot\sandimanrobot\x64\debug\moc_start_window.obj
c:\dev\sandimanrobot\sandimanrobot\x64\debug\qrc_resources.obj
c:\dev\sandimanrobot\sandimanrobot\x64\debug\vc143.pdb
c:\dev\sandimanrobot\sandimanrobot\x64\debug\application.obj
c:\dev\sandimanrobot\x64\debug\sandimanrobot.exe
c:\dev\sandimanrobot\x64\debug\sandimanrobot.ilk
c:\dev\sandimanrobot\x64\debug\sandimanrobot.pdb
c:\dev\sandimanrobot\sandimanrobot\x64\debug\moc\moc_robot.cpp
c:\dev\sandimanrobot\sandimanrobot\x64\debug\moc\moc_controller.cpp
c:\dev\sandimanrobot\sandimanrobot\x64\debug\rcc\qrc_resources.cpp
c:\dev\sandimanrobot\sandimanrobot\x64\debug\uic\ui_main_window.h
c:\dev\sandimanrobot\sandimanrobot\x64\debug\uic\ui_start_window.h
c:\dev\sandimanrobot\sandimanrobot\x64\debug\moc\moc_main_window.cpp
c:\dev\sandimanrobot\sandimanrobot\x64\debug\moc\moc_application.cpp
c:\dev\sandimanrobot\sandimanrobot\x64\debug\moc\moc_start_window.cpp
c:\dev\sandimanrobot\sandimanrobot\x64\debug\sandimanrobot.tlog\cl.command.1.tlog
c:\dev\sandimanrobot\sandimanrobot\x64\debug\sandimanrobot.tlog\cl.read.1.tlog
c:\dev\sandimanrobot\sandimanrobot\x64\debug\sandimanrobot.tlog\cl.write.1.tlog
c:\dev\sandimanrobot\sandimanrobot\x64\debug\sandimanrobot.tlog\link.command.1.tlog
c:\dev\sandimanrobot\sandimanrobot\x64\debug\sandimanrobot.tlog\link.read.1.tlog
c:\dev\sandimanrobot\sandimanrobot\x64\debug\sandimanrobot.tlog\link.write.1.tlog
c:\dev\sandimanrobot\sandimanrobot\x64\debug\sandimanrobot.tlog\moc.read.1u.tlog
c:\dev\sandimanrobot\sandimanrobot\x64\debug\sandimanrobot.tlog\moc.write.1u.tlog
c:\dev\sandimanrobot\sandimanrobot\x64\debug\sandimanrobot.tlog\rcc.read.1u.tlog
c:\dev\sandimanrobot\sandimanrobot\x64\debug\sandimanrobot.tlog\rcc.write.1u.tlog
c:\dev\sandimanrobot\sandimanrobot\x64\debug\sandimanrobot.tlog\sandimanrobot.write.1u.tlog
c:\dev\sandimanrobot\sandimanrobot\x64\debug\sandimanrobot.tlog\uic.read.1u.tlog
c:\dev\sandimanrobot\sandimanrobot\x64\debug\sandimanrobot.tlog\uic.write.1u.tlog
