c:\dev\sandimanrobot\sandimanrobot\x64\release\moc_application.obj
c:\dev\sandimanrobot\sandimanrobot\x64\release\moc_main_window.obj
c:\dev\sandimanrobot\sandimanrobot\x64\release\qrc_resources.obj
c:\dev\sandimanrobot\sandimanrobot\x64\release\application.obj
c:\dev\sandimanrobot\sandimanrobot\x64\release\main_window.obj
c:\dev\sandimanrobot\sandimanrobot\x64\release\main.obj
c:\dev\sandimanrobot\sandimanrobot\x64\release\vc143.pdb
c:\dev\sandimanrobot\x64\release\sandimanrobot.ilk
c:\dev\sandimanrobot\x64\release\sandimanrobot.exe
c:\dev\sandimanrobot\x64\release\sandimanrobot.pdb
c:\dev\sandimanrobot\sandimanrobot\x64\release\moc\moc_main_window.cpp
c:\dev\sandimanrobot\sandimanrobot\x64\release\moc\moc_application.cpp
c:\dev\sandimanrobot\sandimanrobot\x64\release\rcc\qrc_resources.cpp
c:\dev\sandimanrobot\sandimanrobot\x64\release\uic\ui_main_window.h
c:\dev\sandimanrobot\sandimanrobot\x64\release\uic\ui_start_window.h
c:\dev\sandimanrobot\x64\release\qt6cored.dll
c:\dev\sandimanrobot\x64\release\qt6guid.dll
c:\dev\sandimanrobot\x64\release\qt6svgd.dll
c:\dev\sandimanrobot\x64\release\qt6widgetsd.dll
c:\dev\sandimanrobot\x64\release\opengl32sw.dll
c:\dev\sandimanrobot\x64\release\d3dcompiler_47.dll
c:\dev\sandimanrobot\x64\release\iconengines\qsvgicond.dll
c:\dev\sandimanrobot\x64\release\imageformats\qgifd.dll
c:\dev\sandimanrobot\x64\release\imageformats\qicod.dll
c:\dev\sandimanrobot\x64\release\imageformats\qjpegd.dll
c:\dev\sandimanrobot\x64\release\imageformats\qsvgd.dll
c:\dev\sandimanrobot\x64\release\platforms\qwindowsd.dll
c:\dev\sandimanrobot\x64\release\styles\qwindowsvistastyled.dll
c:\dev\sandimanrobot\x64\release\translations\qt_ar.qm
c:\dev\sandimanrobot\x64\release\translations\qt_bg.qm
c:\dev\sandimanrobot\x64\release\translations\qt_ca.qm
c:\dev\sandimanrobot\x64\release\translations\qt_cs.qm
c:\dev\sandimanrobot\x64\release\translations\qt_da.qm
c:\dev\sandimanrobot\x64\release\translations\qt_de.qm
c:\dev\sandimanrobot\x64\release\translations\qt_en.qm
c:\dev\sandimanrobot\x64\release\translations\qt_es.qm
c:\dev\sandimanrobot\x64\release\translations\qt_fa.qm
c:\dev\sandimanrobot\x64\release\translations\qt_fi.qm
c:\dev\sandimanrobot\x64\release\translations\qt_fr.qm
c:\dev\sandimanrobot\x64\release\translations\qt_gd.qm
c:\dev\sandimanrobot\x64\release\translations\qt_he.qm
c:\dev\sandimanrobot\x64\release\translations\qt_hr.qm
c:\dev\sandimanrobot\x64\release\translations\qt_hu.qm
c:\dev\sandimanrobot\x64\release\translations\qt_it.qm
c:\dev\sandimanrobot\x64\release\translations\qt_ja.qm
c:\dev\sandimanrobot\x64\release\translations\qt_ko.qm
c:\dev\sandimanrobot\x64\release\translations\qt_lv.qm
c:\dev\sandimanrobot\x64\release\translations\qt_nl.qm
c:\dev\sandimanrobot\x64\release\translations\qt_nn.qm
c:\dev\sandimanrobot\x64\release\translations\qt_pl.qm
c:\dev\sandimanrobot\x64\release\translations\qt_pt_br.qm
c:\dev\sandimanrobot\x64\release\translations\qt_ru.qm
c:\dev\sandimanrobot\x64\release\translations\qt_sk.qm
c:\dev\sandimanrobot\x64\release\translations\qt_tr.qm
c:\dev\sandimanrobot\x64\release\translations\qt_uk.qm
c:\dev\sandimanrobot\x64\release\translations\qt_zh_cn.qm
c:\dev\sandimanrobot\x64\release\translations\qt_zh_tw.qm
c:\dev\sandimanrobot\sandimanrobot\x64\release\windeployqt.log
c:\dev\sandimanrobot\sandimanrobot\x64\release\sandimanrobot.tlog\cl.18456.write.1.tlog
c:\dev\sandimanrobot\sandimanrobot\x64\release\sandimanrobot.tlog\cl.command.1.tlog
c:\dev\sandimanrobot\sandimanrobot\x64\release\sandimanrobot.tlog\cl.read.1.tlog
c:\dev\sandimanrobot\sandimanrobot\x64\release\sandimanrobot.tlog\link.command.1.tlog
c:\dev\sandimanrobot\sandimanrobot\x64\release\sandimanrobot.tlog\link.read.1.tlog
c:\dev\sandimanrobot\sandimanrobot\x64\release\sandimanrobot.tlog\link.write.1.tlog
c:\dev\sandimanrobot\sandimanrobot\x64\release\sandimanrobot.tlog\moc.read.1u.tlog
c:\dev\sandimanrobot\sandimanrobot\x64\release\sandimanrobot.tlog\moc.write.1u.tlog
c:\dev\sandimanrobot\sandimanrobot\x64\release\sandimanrobot.tlog\rcc.read.1u.tlog
c:\dev\sandimanrobot\sandimanrobot\x64\release\sandimanrobot.tlog\rcc.write.1u.tlog
c:\dev\sandimanrobot\sandimanrobot\x64\release\sandimanrobot.tlog\sandimanrobot.write.1u.tlog
c:\dev\sandimanrobot\sandimanrobot\x64\release\sandimanrobot.tlog\uic.read.1u.tlog
c:\dev\sandimanrobot\sandimanrobot\x64\release\sandimanrobot.tlog\uic.write.1u.tlog
c:\dev\sandimanrobot\sandimanrobot\x64\release\sandimanrobot.tlog\windeployqt.read.1u.tlog
c:\dev\sandimanrobot\sandimanrobot\x64\release\sandimanrobot.tlog\windeployqt.write.1u.tlog
